<?xml version="1.0" encoding="UTF-8"?>
<!-- Generated by org.testng.reporters.JUnitXMLReporter -->
<testsuite ignored="0" hostname="DESKTOP-DKF5J9N" failures="0" tests="4" name="Login and Logout" time="14.949" errors="0" timestamp="2023-07-10T19:33:38 EEST">
  <testcase classname="com.herokuapp.Login" name="loginTest" time="3.556"/>
  <testcase classname="com.herokuapp.Logout" name="logoutTest" time="5.437"/>
  <testcase classname="com.herokuapp.NegativeLogin" name="NegativeTest" time="3.315"/>
  <testcase classname="com.herokuapp.Dropdown" name="dropdownTest" time="2.632"/>
</testsuite> <!-- Login and Logout -->
