<?xml version="1.0" encoding="UTF-8"?>
<testng-results ignored="0" total="5" passed="5" failed="0" skipped="0">
  <reporter-output>
  </reporter-output>
  <suite started-at="2023-07-10T19:33:20 EEST" name="AllTests" finished-at="2023-07-10T19:33:38 EEST" duration-ms="18829">
    <groups>
    </groups>
    <test started-at="2023-07-10T19:33:20 EEST" name="Checkboxes" finished-at="2023-07-10T19:33:23 EEST" duration-ms="3827">
      <class name="com.herokuapp.Checkboxes">
        <test-method signature="checkboxTest()[pri:0, instance:com.herokuapp.Checkboxes@7ea37dbf]" started-at="2023-07-10T19:33:20 EEST" name="checkboxTest" finished-at="2023-07-10T19:33:23 EEST" duration-ms="3770" status="PASS">
          <reporter-output>
          </reporter-output>
        </test-method> <!-- checkboxTest -->
      </class> <!-- com.herokuapp.Checkboxes -->
    </test> <!-- Checkboxes -->
    <test started-at="2023-07-10T19:33:23 EEST" name="Login and Logout" finished-at="2023-07-10T19:33:38 EEST" duration-ms="14949">
      <class name="com.herokuapp.Logout">
        <test-method signature="logoutTest()[pri:0, instance:com.herokuapp.Logout@2bbf180e]" started-at="2023-07-10T19:33:27 EEST" name="logoutTest" finished-at="2023-07-10T19:33:32 EEST" duration-ms="5437" status="PASS">
          <reporter-output>
          </reporter-output>
        </test-method> <!-- logoutTest -->
      </class> <!-- com.herokuapp.Logout -->
      <class name="com.herokuapp.Dropdown">
        <test-method signature="dropdownTest()[pri:0, instance:com.herokuapp.Dropdown@56de5251]" started-at="2023-07-10T19:33:36 EEST" name="dropdownTest" finished-at="2023-07-10T19:33:38 EEST" duration-ms="2632" status="PASS">
          <reporter-output>
          </reporter-output>
        </test-method> <!-- dropdownTest -->
      </class> <!-- com.herokuapp.Dropdown -->
      <class name="com.herokuapp.NegativeLogin">
        <test-method signature="NegativeTest()[pri:0, instance:com.herokuapp.NegativeLogin@163e4e87]" started-at="2023-07-10T19:33:32 EEST" name="NegativeTest" finished-at="2023-07-10T19:33:36 EEST" duration-ms="3315" status="PASS">
          <reporter-output>
          </reporter-output>
        </test-method> <!-- NegativeTest -->
      </class> <!-- com.herokuapp.NegativeLogin -->
      <class name="com.herokuapp.Login">
        <test-method signature="loginTest()[pri:0, instance:com.herokuapp.Login@d4342c2]" started-at="2023-07-10T19:33:23 EEST" name="loginTest" finished-at="2023-07-10T19:33:27 EEST" duration-ms="3556" status="PASS">
          <reporter-output>
          </reporter-output>
        </test-method> <!-- loginTest -->
      </class> <!-- com.herokuapp.Login -->
    </test> <!-- Login and Logout -->
  </suite> <!-- AllTests -->
</testng-results>
